2018-04-27T10:31:47.459Z - normal: Load ~/.CocosCreator/settings.json
2018-04-27T10:31:47.473Z - normal: checking language setting...
2018-04-27T10:31:47.473Z - normal: Language: zh
2018-04-27T10:31:54.109Z - success: protocol editor-framework registered
2018-04-27T10:31:54.109Z - success: protocol app registered
2018-04-27T10:31:54.110Z - success: protocol theme registered
2018-04-27T10:31:54.110Z - success: protocol packages registered
2018-04-27T10:31:54.110Z - success: protocol unpack registerred
2018-04-27T10:31:54.110Z - success: protocol disable-commonjs registerred
2018-04-27T10:31:57.101Z - normal: failed to connect login server due to request timeout
2018-04-27T10:31:57.105Z - normal: Check project E:\游戏\start_project
2018-04-27T10:31:57.110Z - normal: Initializing Cocos2d
2018-04-27T10:31:59.316Z - normal: Initializing Asset Database
2018-04-27T10:31:59.550Z - success: protocol uuid registerred
2018-04-27T10:31:59.551Z - success: protocol db registerred
2018-04-27T10:31:59.551Z - success: protocol thumbnail registerred
2018-04-27T10:31:59.552Z - normal: Loading editor/builtin packages
2018-04-27T10:31:59.690Z - success: anysdk loaded
2018-04-27T10:32:00.149Z - success: assets loaded
2018-04-27T10:32:00.156Z - success: builder loaded
2018-04-27T10:32:00.163Z - success: cocos-analytics loaded
2018-04-27T10:32:00.173Z - success: console loaded
2018-04-27T10:32:00.183Z - success: hierarchy loaded
2018-04-27T10:32:00.191Z - success: inspector loaded
2018-04-27T10:32:00.196Z - success: keystore loaded
2018-04-27T10:32:00.203Z - success: node-library loaded
2018-04-27T10:32:00.208Z - success: package-asset loaded
2018-04-27T10:32:00.215Z - success: preferences loaded
2018-04-27T10:32:00.220Z - success: project-exporter loaded
2018-04-27T10:32:00.278Z - success: project-importer loaded
2018-04-27T10:32:00.285Z - success: project-settings loaded
2018-04-27T10:32:00.333Z - success: ui-kit loaded
2018-04-27T10:32:00.343Z - success: ui-grid loaded
2018-04-27T10:32:00.355Z - success: scene loaded
2018-04-27T10:32:00.361Z - success: sprite-editor loaded
2018-04-27T10:32:00.378Z - success: store loaded
2018-04-27T10:32:00.399Z - success: timeline loaded
2018-04-27T10:32:00.400Z - normal: Loading builtin packages
2018-04-27T10:32:00.408Z - success: asset-db-debugger loaded
2018-04-27T10:32:00.414Z - success: code-editor loaded
2018-04-27T10:32:00.423Z - success: color-picker loaded
2018-04-27T10:32:00.432Z - success: package-manager loaded
2018-04-27T10:32:00.448Z - success: sdkbox loaded
2018-04-27T10:32:00.462Z - success: tester loaded
2018-04-27T10:32:00.469Z - success: ui-kit-preview-extra loaded
2018-04-27T10:32:00.474Z - success: ui-kit-preview loaded
2018-04-27T10:32:00.480Z - success: ui-tree loaded
2018-04-27T10:32:05.602Z - normal: Initializing project E:\游戏\start_project
2018-04-27T10:32:05.613Z - normal: Loading packages
2018-04-27T10:32:05.636Z - normal: Watching packages
2018-04-27T10:32:05.698Z - normal: Run Application
2018-04-27T10:32:13.823Z - success: preview server running at http://localhost:7456
2018-04-27T10:32:33.895Z - normal: 1.8.2
